2025-04-13 19:55:22,840 - INFO - 
Starting the Backbone Design with RFdiffusion...

2025-04-13 19:55:22,840 - INFO - 
Configuration:
Number of basckbone designs: 10
Noise level: 0
Contigs: A7-98/0 A122-147/0 B17-209/0 100-100
Hotspots: B58, B80, B139
Target PDB ID: 3DI3

2025-04-13 20:40:32,904 - INFO - 
RFdiffusion executed successfully.

2025-04-13 20:40:32,907 - INFO - 
Starting Sequence Design with ProteinMPNN...

2025-04-13 20:40:32,908 - INFO - 
Configuration:
Number of relax cycles: 1
Sequences per backbone: 1
Temperature: 0.0001

2025-04-13 20:40:32,909 - INFO - 'check.point': [Errno 2] No such file or directory: 'check.point'
2025-04-13 20:51:38,307 - INFO - 
ProteinMPNN executed successfully.

2025-04-13 20:51:38,308 - INFO - 
Starting Sequence Design with AF2 'initial guess' using default configuration...

2025-04-13 20:51:38,308 - INFO - 'check.point': [Errno 2] No such file or directory: 'check.point'
2025-04-13 21:05:50,776 - INFO - 
AF2 'initial guess' executed successfully.

2025-04-13 21:05:50,776 - INFO - 
AF2 results:
{'design_0': {'plddt_binder': 91.43922961001037, 'pae_interaction': 8.898845672607422, 'binder_aligned_rmsd': 0.5541302}, 'design_1': {'plddt_binder': 87.8036791719038, 'pae_interaction': 12.088396072387695, 'binder_aligned_rmsd': 1.0498148}, 'design_2': {'plddt_binder': 83.3929730808189, 'pae_interaction': 7.695485591888428, 'binder_aligned_rmsd': 1.341491}, 'design_3': {'plddt_binder': 89.84311235655723, 'pae_interaction': 27.872533798217773, 'binder_aligned_rmsd': 0.4840421}, 'design_4': {'plddt_binder': 92.3657196421327, 'pae_interaction': 27.694889068603516, 'binder_aligned_rmsd': 1.6697224}, 'design_5': {'plddt_binder': 88.08960795742757, 'pae_interaction': 27.959917068481445, 'binder_aligned_rmsd': 1.1793277}, 'design_6': {'plddt_binder': 92.95616996312592, 'pae_interaction': 27.49639892578125, 'binder_aligned_rmsd': 0.4211159}, 'design_7': {'plddt_binder': 88.17984772225947, 'pae_interaction': 28.149784088134766, 'binder_aligned_rmsd': 0.6719251}, 'design_8': {'plddt_binder': 69.34239347873344, 'pae_interaction': 27.554058074951172, 'binder_aligned_rmsd': 14.229642}, 'design_9': {'plddt_binder': 89.44292860734978, 'pae_interaction': 27.952423095703125, 'binder_aligned_rmsd': 0.53198886}}

2025-04-13 21:05:50,777 - INFO - 
Starting Filtering of Designs...


2025-04-13 21:05:50,777 - INFO - 
Number of successful designs: 1

Rate of successful designs: 1/10

Successful designs IDs: ['design_0']

